[INFO] 2018/05/28 21:00:02 reg useWebCenter server is :7022
[INFO] 2018/05/28 21:00:02 service use server reg success
[INFO] 2018/05/28 21:00:02 Reg_Inform is &{Addr::7021 ProtocolType:0 ServerType:1 ServerName:Service_useServer ProxyUrl:}	
2018/05/28 21:00:02.318 [I] http server Running on http://:7022
[INFO] 2018/05/28 21:01:33 reg useWebCenter server is :7022
[INFO] 2018/05/28 21:01:33 service use server reg success
[INFO] 2018/05/28 21:01:33 Reg_Inform is &{Addr::7021 ProtocolType:0 ServerType:1 ServerName:Service_useServer ProxyUrl:}	
2018/05/28 21:01:33.926 [I] http server Running on http://:7022
[INFO] 2018/05/28 21:04:20 reg useWebCenter server is :7022
[INFO] 2018/05/28 21:04:20 service use server reg success
[INFO] 2018/05/28 21:04:20 Reg_Inform is &{Addr::7021 ProtocolType:0 ServerType:1 ServerName:Service_useServer ProxyUrl:}	
2018/05/28 21:04:20.209 [I] http server Running on http://:7022
[INFO] 2018/05/28 21:05:38 reg useWebCenter server is :7022
[INFO] 2018/05/28 21:05:38 service use server reg success
[INFO] 2018/05/28 21:05:38 Reg_Inform is &{Addr::7021 ProtocolType:0 ServerType:1 ServerName:Service_useServer ProxyUrl:}	
2018/05/28 21:05:38.473 [I] http server Running on http://:7022
[INFO] 2018/05/28 21:07:11 reg useWebCenter server is :7022
[INFO] 2018/05/28 21:07:11 service use server reg success
[INFO] 2018/05/28 21:07:11 Reg_Inform is &{Addr::7021 ProtocolType:0 ServerType:1 ServerName:Service_useServer ProxyUrl:}	
2018/05/28 21:07:11.518 [I] http server Running on http://:7022
[INFO] 2018/05/28 21:08:37 reg useWebCenter server is :7022
[INFO] 2018/05/28 21:08:37 service use server reg success
[INFO] 2018/05/28 21:08:37 Reg_Inform is &{Addr::7021 ProtocolType:0 ServerType:1 ServerName:Service_useServer ProxyUrl:}	
2018/05/28 21:08:37.697 [I] http server Running on http://:7022
[INFO] 2018/05/28 21:10:00 reg useWebCenter server is :7022
[INFO] 2018/05/28 21:10:00 service use server reg success
[INFO] 2018/05/28 21:10:00 Reg_Inform is &{Addr::7021 ProtocolType:0 ServerType:1 ServerName:Service_useServer ProxyUrl:}	
2018/05/28 21:10:00.431 [I] http server Running on http://:7022
[INFO] 2018/05/28 21:13:20 reg useWebCenter server is :7022
[INFO] 2018/05/28 21:13:20 service use server reg success
[INFO] 2018/05/28 21:13:20 Reg_Inform is &{Addr::7021 ProtocolType:0 ServerType:1 ServerName:Service_useServer ProxyUrl:}	
2018/05/28 21:13:20.176 [I] http server Running on http://:7022
[INFO] 2018/05/28 21:15:11 reg useWebCenter server is :7022
[INFO] 2018/05/28 21:15:11 service use server reg success
2018/05/28 21:15:11.276 [I] http server Running on http://:7022
[INFO] 2018/05/28 21:15:47 reg useWebCenter server is :7022
[INFO] 2018/05/28 21:15:47 service use server reg success
[INFO] 2018/05/28 21:15:47 Reg_Inform is &{Addr::7021 ProtocolType:0 ServerType:1 ServerName:Service_useServer ProxyUrl:}	
2018/05/28 21:15:47.309 [I] http server Running on http://:7022
[INFO] 2018/05/28 21:16:00 reg useWebCenter server is :7022
[INFO] 2018/05/28 21:16:00 service use server reg success
[INFO] 2018/05/28 21:16:00 Reg_Inform is &{Addr::7021 ProtocolType:0 ServerType:1 ServerName:Service_useServer ProxyUrl:}	
2018/05/28 21:16:00.844 [I] http server Running on http://:7022
[INFO] 2018/05/28 21:19:49 reg useWebCenter server is :7022
[INFO] 2018/05/28 21:19:49 service use server reg success
[INFO] 2018/05/28 21:19:49 Reg_Inform is &{Addr::7021 ProtocolType:0 ServerType:1 ServerName:Service_useServer ProxyUrl:}	
2018/05/28 21:19:49.495 [I] http server Running on http://:7022
[INFO] 2018/05/28 21:21:16 reg useWebCenter server is :7022
[INFO] 2018/05/28 21:21:16 service use server reg success
2018/05/28 21:21:16.208 [I] http server Running on http://:7022
[INFO] 2018/05/28 21:22:46 reg useWebCenter server is :7022
[INFO] 2018/05/28 21:22:46 service use server reg success
[INFO] 2018/05/28 21:22:46 Reg_Inform is &{Addr::7021 ProtocolType:0 ServerType:1 ServerName:Service_useServer ProxyUrl:}	
2018/05/28 21:22:46.342 [I] http server Running on http://:7022
[INFO] 2018/05/28 21:26:42 reg useWebCenter server is :7022
[INFO] 2018/05/28 21:26:42 service use server reg success
[INFO] 2018/05/28 21:26:42 Reg_Inform is &{Addr::7021 ProtocolType:0 ServerType:1 ServerName:Service_useServer ProxyUrl:}	
2018/05/28 21:26:42.282 [I] http server Running on http://:7022
[ERROR] 2018/05/28 21:31:17 server.go Init method w.regCon.Start err dial tcp :7016: connectex: No connection could be made because the target machine actively refused it.
[ERROR] 2018/05/28 21:31:20 server.go Init method w.regCon.Start err dial tcp :7016: connectex: No connection could be made because the target machine actively refused it.
[INFO] 2018/05/28 21:31:29 reg useWebCenter server is :7022
[INFO] 2018/05/28 21:31:29 service use server reg success
[INFO] 2018/05/28 21:31:29 Reg_Inform is &{Addr::7021 ProtocolType:0 ServerType:1 ServerName:Service_useServer ProxyUrl:}	
2018/05/28 21:31:29.776 [I] http server Running on http://:7022
[INFO] 2018/05/28 21:31:39 reg useWebCenter server is :7022
[INFO] 2018/05/28 21:31:39 service use server reg success
[INFO] 2018/05/28 21:31:39 Reg_Inform is &{Addr::7021 ProtocolType:0 ServerType:1 ServerName:Service_useServer ProxyUrl:}	
2018/05/28 21:31:39.702 [I] http server Running on http://:7022
[INFO] 2018/05/28 23:39:20 reg useWebCenter server is :7022
[INFO] 2018/05/28 23:39:20 service use server reg success
[INFO] 2018/05/28 23:39:20 Reg_Inform is &{Addr::7021 ProtocolType:0 ServerType:1 ServerName:Service_useServer ProxyUrl:}	
2018/05/28 23:39:21.057 [I] http server Running on http://:7022
[INFO] 2018/05/28 23:43:04 reg useWebCenter server is :7022
[INFO] 2018/05/28 23:43:04 service use server reg success
[INFO] 2018/05/28 23:43:04 Reg_Inform is &{Addr::7021 ProtocolType:0 ServerType:1 ServerName:Service_useServer ProxyUrl:}	
2018/05/28 23:43:04.570 [I] http server Running on http://:7022
[INFO] 2018/05/28 23:48:34 reg useWebCenter server is :7022
[INFO] 2018/05/28 23:48:34 service use server reg success
2018/05/28 23:48:34.816 [I] http server Running on http://:7022
[INFO] 2018/05/28 23:48:35 Reg_Inform is &{Addr::7021 ProtocolType:0 ServerType:1 ServerName:Service_useServer ProxyUrl:}	
[INFO] 2018/05/28 23:51:30 reg useWebCenter server is :7022
[INFO] 2018/05/28 23:51:30 service use server reg success
[INFO] 2018/05/28 23:51:30 Reg_Inform is &{Addr::7021 ProtocolType:0 ServerType:1 ServerName:Service_useServer ProxyUrl:}	
2018/05/28 23:51:30.597 [I] http server Running on http://:7022
[INFO] 2018/05/28 23:53:22 reg useWebCenter server is :7022
[INFO] 2018/05/28 23:53:22 service use server reg success
[INFO] 2018/05/28 23:53:22 Reg_Inform is &{Addr::7021 ProtocolType:0 ServerType:1 ServerName:Service_useServer ProxyUrl:}	
2018/05/28 23:53:22.692 [I] http server Running on http://:7022
[INFO] 2018/05/28 23:59:51 reg useWebCenter server is :7022
[INFO] 2018/05/28 23:59:51 service use server reg success
[INFO] 2018/05/28 23:59:51 Reg_Inform is &{Addr::7021 ProtocolType:0 ServerType:1 ServerName:Service_useServer ProxyUrl:}	
2018/05/28 23:59:52.112 [I] http server Running on http://:7022
[INFO] 2018/05/29 00:00:29 reg useWebCenter server is :7022
[INFO] 2018/05/29 00:00:29 service use server reg success
[INFO] 2018/05/29 00:00:29 Reg_Inform is &{Addr::7021 ProtocolType:0 ServerType:1 ServerName:Service_useServer ProxyUrl:}	
2018/05/29 00:00:29.248 [I] http server Running on http://:7022
[INFO] 2018/05/29 19:30:34 reg useWebCenter server is :7022
[INFO] 2018/05/29 19:30:34 service use server reg success
[INFO] 2018/05/29 19:30:34 Reg_Inform is &{Addr::7021 ProtocolType:0 ServerType:1 ServerName:Service_useServer ProxyUrl:}	
2018/05/29 19:30:34.637 [I] http server Running on http://:7022
[INFO] 2018/05/29 19:36:35 reg useWebCenter server is :7022
[INFO] 2018/05/29 19:36:35 service use server reg success
[INFO] 2018/05/29 19:36:35 Reg_Inform is &{Addr::7021 ProtocolType:0 ServerType:1 ServerName:Service_useServer ProxyUrl:}	
2018/05/29 19:36:35.168 [I] http server Running on http://:7022
[INFO] 2018/05/29 19:36:41 all ready Get method do.
2018/05/29 19:36:41.339 [D] ::1 - - [29/May/2018 07:36:41] "GET / HTTP/1.1 200 0" 0.067004  Mozilla/5.0 (Windows NT 10.0; WOW64) AppleWebKit/537.36 (KHTML, like Gecko) Chrome/66.0.3359.181 Safari/537.36

2018/05/29 19:36:41.415 [D] ::1 - - [29/May/2018 07:36:41] "GET /favicon.ico/favicon.ico HTTP/1.1 404 0" 0.001998 http://localhost:7023/use Mozilla/5.0 (Windows NT 10.0; WOW64) AppleWebKit/537.36 (KHTML, like Gecko) Chrome/66.0.3359.181 Safari/537.36

[INFO] 2018/05/29 19:49:31 reg useWebCenter server is :7022
[INFO] 2018/05/29 19:49:31 service use server reg success
[INFO] 2018/05/29 19:49:31 Reg_Inform is &{Addr::7021 ProtocolType:0 ServerType:1 ServerName:Service_useServer ProxyUrl:}	
2018/05/29 19:49:31.727 [I] http server Running on http://:7022
[INFO] 2018/05/29 19:49:36 all ready Get method do. the proxe url is /use
2018/05/29 19:49:36.608 [D] ::1 - - [29/May/2018 07:49:36] "GET / HTTP/1.1 200 0" 0.002002  Mozilla/5.0 (Windows NT 10.0; WOW64) AppleWebKit/537.36 (KHTML, like Gecko) Chrome/66.0.3359.181 Safari/537.36

[INFO] 2018/05/29 21:25:59 reg useWebCenter server is :7022
[INFO] 2018/05/29 21:25:59 service use server reg success
[INFO] 2018/05/29 21:25:59 Reg_Inform is &{Addr::7021 ProtocolType:0 ServerType:1 ServerName:Service_useServer ProxyUrl:}	
2018/05/29 21:25:59.602 [I] http server Running on http://:7022
2018/05/29 21:26:02.109 [D] ::1 - - [29/May/2018 09:26:02] "GET /a/a HTTP/1.1 404 0" 0.001003  Mozilla/5.0 (Windows NT 10.0; WOW64) AppleWebKit/537.36 (KHTML, like Gecko) Chrome/66.0.3359.181 Safari/537.36

[INFO] 2018/05/29 21:26:08 all ready Get method do. the proxe url is 
2018/05/29 21:26:08.476 [D] ::1 - - [29/May/2018 09:26:08] "GET / HTTP/1.1 200 0" 0.003004  Mozilla/5.0 (Windows NT 10.0; WOW64) AppleWebKit/537.36 (KHTML, like Gecko) Chrome/66.0.3359.181 Safari/537.36

[INFO] 2018/05/29 21:27:43 reg useWebCenter server is :7022
[INFO] 2018/05/29 21:27:43 service use server reg success
[INFO] 2018/05/29 21:27:43 add web func baseurl
2018/05/29 21:27:43.283 [I] http server Running on http://:7022
[INFO] 2018/05/29 21:27:43 Reg_Inform is &{Addr::7021 ProtocolType:0 ServerType:1 ServerName:Service_useServer ProxyUrl:}	
[INFO] 2018/05/29 21:37:06 reg useWebCenter server is :7022
[INFO] 2018/05/29 21:37:06 service use server reg success
[INFO] 2018/05/29 21:37:06 Reg_Inform is &{Addr::7021 ProtocolType:0 ServerType:1 ServerName:Service_useServer ProxyUrl:}	
[INFO] 2018/05/29 21:37:06 add web func baseurl
2018/05/29 21:37:06.377 [I] http server Running on http://:7022
[INFO] 2018/05/29 21:37:11 all ready Get method do. the proxe url is 
2018/05/29 21:37:11.530 [D] ::1 - - [29/May/2018 09:37:11] "GET / HTTP/1.1 200 0" 0.002001  Mozilla/5.0 (Windows NT 10.0; WOW64) AppleWebKit/537.36 (KHTML, like Gecko) Chrome/66.0.3359.181 Safari/537.36

[INFO] 2018/05/29 21:37:12 all ready Get method do. the proxe url is 
2018/05/29 21:37:12.669 [D] ::1 - - [29/May/2018 09:37:12] "GET / HTTP/1.1 200 0" 0.000974  Mozilla/5.0 (Windows NT 10.0; WOW64) AppleWebKit/537.36 (KHTML, like Gecko) Chrome/66.0.3359.181 Safari/537.36

[INFO] 2018/05/29 21:52:23 reg useWebCenter server is :7022
[INFO] 2018/05/29 21:52:23 service use server reg success
2018/05/29 21:52:23.449 [I] http server Running on http://:7022
[INFO] 2018/05/29 21:52:23 Reg_Inform is &{Addr::7021 ProtocolType:0 ServerType:1 ServerName:Service_useServer ProxyUrl:}	
[INFO] 2018/05/29 21:52:27 all ready Get method do. the proxe url is 
2018/05/29 21:52:27.655 [D] ::1 - - [29/May/2018 09:52:27] "GET / HTTP/1.1 200 0" 0.002003  Mozilla/5.0 (Windows NT 10.0; WOW64) AppleWebKit/537.36 (KHTML, like Gecko) Chrome/66.0.3359.181 Safari/537.36

[INFO] 2018/05/29 21:52:29 all ready Get method do. the proxe url is 
2018/05/29 21:52:29.038 [D] ::1 - - [29/May/2018 09:52:29] "GET / HTTP/1.1 200 0" 0.000992  Mozilla/5.0 (Windows NT 10.0; WOW64) AppleWebKit/537.36 (KHTML, like Gecko) Chrome/66.0.3359.181 Safari/537.36

[INFO] 2018/05/29 21:52:29 all ready Get method do. the proxe url is 
2018/05/29 21:52:29.524 [D] ::1 - - [29/May/2018 09:52:29] "GET / HTTP/1.1 200 0" 0.005005  Mozilla/5.0 (Windows NT 10.0; WOW64) AppleWebKit/537.36 (KHTML, like Gecko) Chrome/66.0.3359.181 Safari/537.36

[INFO] 2018/05/29 21:53:54 reg useWebCenter server is :7022
[INFO] 2018/05/29 21:53:54 service use server reg success
2018/05/29 21:53:54.295 [I] http server Running on http://:7022
[INFO] 2018/05/29 21:53:54 Reg_Inform is &{Addr::7021 ProtocolType:0 ServerType:1 ServerName:Service_useServer ProxyUrl:}	
[INFO] 2018/05/29 21:54:01 all ready Get method do. the proxe url is 
2018/05/29 21:54:01.457 [D] ::1 - - [29/May/2018 09:54:01] "GET / HTTP/1.1 200 0" 0.002027  Mozilla/5.0 (Windows NT 10.0; WOW64) AppleWebKit/537.36 (KHTML, like Gecko) Chrome/66.0.3359.181 Safari/537.36

[INFO] 2018/05/29 21:54:16 all ready Get method do. the proxe url is 
2018/05/29 21:54:16.289 [D] ::1 - - [29/May/2018 09:54:16] "GET / HTTP/1.1 200 0" 0.001000  Mozilla/5.0 (Windows NT 10.0; WOW64) AppleWebKit/537.36 (KHTML, like Gecko) Chrome/66.0.3359.181 Safari/537.36

[INFO] 2018/05/29 21:54:16 all ready Get method do. the proxe url is 
2018/05/29 21:54:16.855 [D] ::1 - - [29/May/2018 09:54:16] "GET / HTTP/1.1 200 0" 0.001000  Mozilla/5.0 (Windows NT 10.0; WOW64) AppleWebKit/537.36 (KHTML, like Gecko) Chrome/66.0.3359.181 Safari/537.36

[INFO] 2018/05/29 21:54:17 all ready Get method do. the proxe url is 
2018/05/29 21:54:17.054 [D] ::1 - - [29/May/2018 09:54:17] "GET / HTTP/1.1 200 0" 0.002003  Mozilla/5.0 (Windows NT 10.0; WOW64) AppleWebKit/537.36 (KHTML, like Gecko) Chrome/66.0.3359.181 Safari/537.36

[INFO] 2018/05/29 22:02:10 reg useWebCenter server is :7022
[INFO] 2018/05/29 22:02:10 service use server reg success
[INFO] 2018/05/29 22:02:10 Reg_Inform is &{Addr::7021 ProtocolType:0 ServerType:1 ServerName:Service_useServer ProxyUrl:}	
2018/05/29 22:02:10.126 [I] http server Running on http://:7022
[INFO] 2018/05/29 22:02:14 all ready Get method do. the proxe url is 
2018/05/29 22:02:14.398 [D] ::1 - - [29/May/2018 10:02:14] "GET / HTTP/1.1 200 0" 0.001028  Mozilla/5.0 (Windows NT 10.0; WOW64) AppleWebKit/537.36 (KHTML, like Gecko) Chrome/66.0.3359.181 Safari/537.36

[INFO] 2018/05/29 22:02:15 all ready Get method do. the proxe url is 
2018/05/29 22:02:15.559 [D] ::1 - - [29/May/2018 10:02:15] "GET / HTTP/1.1 200 0" 0.001975  Mozilla/5.0 (Windows NT 10.0; WOW64) AppleWebKit/537.36 (KHTML, like Gecko) Chrome/66.0.3359.181 Safari/537.36

[INFO] 2018/05/29 22:03:55 reg useWebCenter server is :7022
[INFO] 2018/05/29 22:03:55 service use server reg success
[INFO] 2018/05/29 22:03:55 Reg_Inform is &{Addr::7021 ProtocolType:0 ServerType:1 ServerName:Service_useServer ProxyUrl:}	
2018/05/29 22:03:55.185 [I] http server Running on http://:7022
[INFO] 2018/05/29 22:03:59 all ready Get method do. the proxe url is 
2018/05/29 22:03:59.203 [D] ::1 - - [29/May/2018 10:03:59] "GET / HTTP/1.1 200 0" 0.000998  Mozilla/5.0 (Windows NT 10.0; WOW64) AppleWebKit/537.36 (KHTML, like Gecko) Chrome/66.0.3359.181 Safari/537.36

[INFO] 2018/05/29 22:04:00 all ready Get method do. the proxe url is 
2018/05/29 22:04:00.030 [D] ::1 - - [29/May/2018 10:04:00] "GET / HTTP/1.1 200 0" 0.001001  Mozilla/5.0 (Windows NT 10.0; WOW64) AppleWebKit/537.36 (KHTML, like Gecko) Chrome/66.0.3359.181 Safari/537.36

[INFO] 2018/05/29 22:05:00 reg useWebCenter server is :7022
[INFO] 2018/05/29 22:05:00 service use server reg success
[INFO] 2018/05/29 22:05:00 Reg_Inform is &{Addr::7021 ProtocolType:0 ServerType:1 ServerName:Service_useServer ProxyUrl:}	
2018/05/29 22:05:00.156 [I] http server Running on http://:7022
[INFO] 2018/05/29 22:05:02 all ready Get method do. the proxe url is 
2018/05/29 22:05:02.939 [D] ::1 - - [29/May/2018 10:05:02] "GET / HTTP/1.1 200 0" 0.002005  Mozilla/5.0 (Windows NT 10.0; WOW64) AppleWebKit/537.36 (KHTML, like Gecko) Chrome/66.0.3359.181 Safari/537.36

